Added Component: Designator=C1(CAP200RP)
Added Component: Designator=C2(CAP100RP)
Added Component: Designator=C3(CAP100RP)
Added Component: Designator=C4(CAP200)
Added Component: Designator=C5(CAP200)
Added Component: Designator=J1(SIP4)
Added Component: Designator=J2(SIP8)
Added Component: Designator=J3(SIP8)
Added Component: Designator=J4(SIP8)
Added Component: Designator=J5(SIP10)
Added Component: Designator=J6(SIP10)
Added Component: Designator=J7(BORNERA2)
Added Component: Designator=J8(SIP4)
Added Component: Designator=J9(SIP5)
Added Component: Designator=J10(SIP5)
Added Component: Designator=J11(SIP4)
Added Component: Designator=J12(SIP2)
Added Component: Designator=J13(SIP2)
Added Component: Designator=R1(RES400)
Added Component: Designator=R2(RES400)
Added Component: Designator=U1(TO-220 H - DISIPADOR)
Added Pin To Net: NetName=+5V Pin=C3-1
Added Pin To Net: NetName=+5V Pin=C5-1
Added Pin To Net: NetName=+5V Pin=J4-7
Added Pin To Net: NetName=+5V Pin=J8-3
Added Pin To Net: NetName=+5V Pin=J9-5
Added Pin To Net: NetName=+5V Pin=J11-4
Added Pin To Net: NetName=+5V Pin=J12-1
Added Pin To Net: NetName=+5V Pin=J13-2
Added Pin To Net: NetName=+5V Pin=U1-3
Added Net: Name=+5V
Added Pin To Net: NetName=3V3 Pin=J10-5
Added Net: Name=3V3
Added Pin To Net: NetName=A1 Pin=J1-4
Added Pin To Net: NetName=A1 Pin=J4-5
Added Net: Name=A1
Added Pin To Net: NetName=A2 Pin=J1-2
Added Pin To Net: NetName=A2 Pin=J4-4
Added Net: Name=A2
Added Pin To Net: NetName=B1 Pin=J1-3
Added Pin To Net: NetName=B1 Pin=J4-6
Added Net: Name=B1
Added Pin To Net: NetName=B2 Pin=J1-1
Added Pin To Net: NetName=B2 Pin=J4-3
Added Net: Name=B2
Added Pin To Net: NetName=D2 Pin=J2-7
Added Pin To Net: NetName=D2 Pin=J10-2
Added Net: Name=D2
Added Pin To Net: NetName=D4 Pin=J2-6
Added Pin To Net: NetName=D4 Pin=J10-1
Added Net: Name=D4
Added Pin To Net: NetName=D5 Pin=J2-3
Added Pin To Net: NetName=D5 Pin=J6-8
Added Net: Name=D5
Added Pin To Net: NetName=D12 Pin=J9-2
Added Net: Name=D12
Added Pin To Net: NetName=D13 Pin=J9-3
Added Net: Name=D13
Added Pin To Net: NetName=D14 Pin=J9-1
Added Net: Name=D14
Added Pin To Net: NetName=D15 Pin=J2-8
Added Pin To Net: NetName=D15 Pin=J10-3
Added Net: Name=D15
Added Pin To Net: NetName=D18 Pin=J2-2
Added Pin To Net: NetName=D18 Pin=J6-7
Added Net: Name=D18
Added Pin To Net: NetName=D19 Pin=J2-1
Added Pin To Net: NetName=D19 Pin=J6-6
Added Net: Name=D19
Added Pin To Net: NetName=D21 Pin=J6-5
Added Net: Name=D21
Added Pin To Net: NetName=D22 Pin=J6-2
Added Net: Name=D22
Added Pin To Net: NetName=D23 Pin=J6-1
Added Net: Name=D23
Added Pin To Net: NetName=D25 Pin=J5-8
Added Net: Name=D25
Added Pin To Net: NetName=D26 Pin=J5-9
Added Net: Name=D26
Added Pin To Net: NetName=D27 Pin=J5-10
Added Net: Name=D27
Added Pin To Net: NetName=D32 Pin=J3-8
Added Pin To Net: NetName=D32 Pin=J5-6
Added Net: Name=D32
Added Pin To Net: NetName=D33 Pin=J3-7
Added Pin To Net: NetName=D33 Pin=J5-7
Added Net: Name=D33
Added Pin To Net: NetName=D34 Pin=J5-4
Added Net: Name=D34
Added Pin To Net: NetName=D35 Pin=J5-5
Added Net: Name=D35
Added Pin To Net: NetName=ECHO Pin=J11-2
Added Net: Name=ECHO
Added Pin To Net: NetName=EN Pin=J3-1
Added Pin To Net: NetName=EN Pin=J5-1
Added Net: Name=EN
Added Pin To Net: NetName=GND Pin=C1-2
Added Pin To Net: NetName=GND Pin=C2-2
Added Pin To Net: NetName=GND Pin=C3-2
Added Pin To Net: NetName=GND Pin=C4-2
Added Pin To Net: NetName=GND Pin=C5-2
Added Pin To Net: NetName=GND Pin=J4-2
Added Pin To Net: NetName=GND Pin=J4-8
Added Pin To Net: NetName=GND Pin=J7-2
Added Pin To Net: NetName=GND Pin=J8-4
Added Pin To Net: NetName=GND Pin=J9-4
Added Pin To Net: NetName=GND Pin=J10-4
Added Pin To Net: NetName=GND Pin=J11-1
Added Pin To Net: NetName=GND Pin=R1-1
Added Pin To Net: NetName=GND Pin=R2-1
Added Pin To Net: NetName=GND Pin=U1-2
Added Net: Name=GND
Added Pin To Net: NetName=MS1 Pin=J3-2
Added Net: Name=MS1
Added Pin To Net: NetName=MS2 Pin=J3-3
Added Net: Name=MS2
Added Pin To Net: NetName=MS3 Pin=J3-4
Added Net: Name=MS3
Added Pin To Net: NetName=NetJ12_2 Pin=J12-2
Added Pin To Net: NetName=NetJ12_2 Pin=R2-2
Added Net: Name=NetJ12_2
Added Pin To Net: NetName=NetJ13_1 Pin=J13-1
Added Pin To Net: NetName=NetJ13_1 Pin=R1-2
Added Net: Name=NetJ13_1
Added Pin To Net: NetName=RESET Pin=J3-5
Added Pin To Net: NetName=RESET Pin=J3-6
Added Net: Name=RESET
Added Pin To Net: NetName=RX0 Pin=J6-4
Added Net: Name=RX0
Added Pin To Net: NetName=RX2 Pin=J2-5
Added Pin To Net: NetName=RX2 Pin=J6-10
Added Net: Name=RX2
Added Pin To Net: NetName=SCL Pin=J8-1
Added Net: Name=SCL
Added Pin To Net: NetName=SDA Pin=J8-2
Added Net: Name=SDA
Added Pin To Net: NetName=TRIG Pin=J11-3
Added Net: Name=TRIG
Added Pin To Net: NetName=TX0 Pin=J6-3
Added Net: Name=TX0
Added Pin To Net: NetName=TX2 Pin=J2-4
Added Pin To Net: NetName=TX2 Pin=J6-9
Added Net: Name=TX2
Added Pin To Net: NetName=VMOT Pin=C1-1
Added Pin To Net: NetName=VMOT Pin=C2-1
Added Pin To Net: NetName=VMOT Pin=C4-1
Added Pin To Net: NetName=VMOT Pin=J4-1
Added Pin To Net: NetName=VMOT Pin=J7-1
Added Pin To Net: NetName=VMOT Pin=U1-1
Added Net: Name=VMOT
Added Pin To Net: NetName=VN Pin=J5-3
Added Net: Name=VN
Added Pin To Net: NetName=VP Pin=J5-2
Added Net: Name=VP
Added Member To Class: ClassName=esquema Member=Component C1 CAPPOL
Added Member To Class: ClassName=esquema Member=Component C2 CAPPOL
Added Member To Class: ClassName=esquema Member=Component C3 CAPPOL
Added Member To Class: ClassName=esquema Member=Component C4 CAP
Added Member To Class: ClassName=esquema Member=Component C5 CAP
Added Member To Class: ClassName=esquema Member=Component J1 MOTOR
Added Member To Class: ClassName=esquema Member=Component J2 TECLADO
Added Member To Class: ClassName=esquema Member=Component J3 A4988-A
Added Member To Class: ClassName=esquema Member=Component J4 A4988-B
Added Member To Class: ClassName=esquema Member=Component J5 CON10
Added Member To Class: ClassName=esquema Member=Component J6 CON10
Added Member To Class: ClassName=esquema Member=Component J7 BORNERA 2
Added Member To Class: ClassName=esquema Member=Component J8 DISPLAY
Added Member To Class: ClassName=esquema Member=Component J9 CON5
Added Member To Class: ClassName=esquema Member=Component J10 CON5
Added Member To Class: ClassName=esquema Member=Component J11 ULTRASONICO
Added Member To Class: ClassName=esquema Member=Component J12 CON2
Added Member To Class: ClassName=esquema Member=Component J13 CON2
Added Member To Class: ClassName=esquema Member=Component R1 RES
Added Member To Class: ClassName=esquema Member=Component R2 RES
Added Member To Class: ClassName=esquema Member=Component U1 78XX
